<?xml version="1.0" encoding="UTF-8"?>
<!-- Generated by org.testng.reporters.JUnitReportReporter -->
<testsuite hostname="DESKTOP-LM60U8L" failures="0" tests="1" name="com.application.TestCase.TC3_POST_Scenario2" time="2.904" errors="0" timestamp="2021-05-25T09:37:16 IST" skipped="0">
  <testcase classname="com.application.TestCase.TC3_POST_Scenario2" name="postRequest" time="2.904"/>
  <system-out/>
</testsuite> <!-- com.application.TestCase.TC3_POST_Scenario2 -->
