<?xml version="1.0" encoding="UTF-8"?>
<!-- Generated by org.testng.reporters.JUnitReportReporter -->
<testsuite hostname="DESKTOP-LM60U8L" failures="0" tests="1" name="com.application.TestCase.TC4_POST_Scenario3" time="2.766" errors="0" timestamp="2021-05-25T09:45:49 IST" skipped="0">
  <testcase classname="com.application.TestCase.TC4_POST_Scenario3" name="postRequest" time="2.766"/>
  <system-out/>
</testsuite> <!-- com.application.TestCase.TC4_POST_Scenario3 -->
